<?xml version="1.0" encoding="UTF-8"?>
<!-- Generated by org.testng.reporters.JUnitReportReporter -->
<testsuite hostname="LAPTOP-TMG8JSIT" failures="0" tests="1" name="com.Selenium.TestCase.TC_Login06" time="5.898" errors="0" timestamp="2022-11-08T09:32:24 IST" skipped="0">
  <testcase classname="com.Selenium.TestCase.TC_Login06" name="test06" time="5.898"/>
  <system-out/>
</testsuite> <!-- com.Selenium.TestCase.TC_Login06 -->
