<?xml version="1.0" encoding="UTF-8"?>
<!-- Generated by org.testng.reporters.JUnitReportReporter -->
<testsuite hostname="LAPTOP-TMG8JSIT" failures="0" tests="1" name="com.Selenium.TestCase.TC_Login" time="8.183" errors="0" timestamp="2022-11-07T12:11:59 IST" skipped="0">
  <testcase classname="com.Selenium.TestCase.TC_Login" name="test01" time="8.183"/>
  <system-out/>
</testsuite> <!-- com.Selenium.TestCase.TC_Login -->
