<?xml version="1.0" encoding="UTF-8"?>
<!-- Generated by org.testng.reporters.JUnitReportReporter -->
<testsuite hostname="LAPTOP-TMG8JSIT" failures="0" tests="1" name="com.Selenium.TestCase.TC_Search_Product" time="141.775" errors="0" timestamp="2022-11-08T11:04:28 IST" skipped="0">
  <testcase classname="com.Selenium.TestCase.TC_Search_Product" name="test01" time="141.775"/>
  <system-out/>
</testsuite> <!-- com.Selenium.TestCase.TC_Search_Product -->
