<?xml version="1.0" encoding="UTF-8"?>
<!-- Generated by org.testng.reporters.JUnitReportReporter -->
<testsuite hostname="LAPTOP-TMG8JSIT" failures="0" tests="1" name="com.Selenium.TestCase.Sample" time="8.109" errors="0" timestamp="2022-11-07T17:14:12 IST" skipped="0">
  <testcase classname="com.Selenium.TestCase.Sample" name="test" time="8.109"/>
  <system-out/>
</testsuite> <!-- com.Selenium.TestCase.Sample -->
